<?xml version="1.0" encoding="UTF-8"?>
<!-- Generated by org.testng.reporters.JUnitXMLReporter -->
<testsuite hostname="WIN-RSQUD9AHH7K" ignored="0" name="Default test" tests="4" failures="0" timestamp="26 Mar 2019 11:57:44 GMT" time="0.043" errors="0">
  <testcase name="add" time="0.012" classname="XoriantDemo.XoriantDemo.Demo"/>
  <testcase name="div" time="0.001" classname="XoriantDemo.XoriantDemo.Demo"/>
  <testcase name="mul" time="0.001" classname="XoriantDemo.XoriantDemo.Demo"/>
  <testcase name="sub" time="0.001" classname="XoriantDemo.XoriantDemo.Demo"/>
</testsuite> <!-- Default test -->
