<?xml version="1.0" encoding="UTF-8"?>
<testng-results skipped="0" failed="0" ignored="0" total="4" passed="4">
  <reporter-output>
  </reporter-output>
  <suite name="Default suite" duration-ms="43" started-at="2019-03-26T11:57:44Z" finished-at="2019-03-26T11:57:44Z">
    <groups>
    </groups>
    <test name="Default test" duration-ms="43" started-at="2019-03-26T11:57:44Z" finished-at="2019-03-26T11:57:44Z">
      <class name="XoriantDemo.XoriantDemo.Demo">
        <test-method status="PASS" signature="add()[pri:0, instance:XoriantDemo.XoriantDemo.Demo@5afa04c]" name="add" duration-ms="12" started-at="2019-03-26T17:27:44Z" finished-at="2019-03-26T17:27:44Z">
          <reporter-output>
          </reporter-output>
        </test-method> <!-- add -->
        <test-method status="PASS" signature="div()[pri:0, instance:XoriantDemo.XoriantDemo.Demo@5afa04c]" name="div" duration-ms="1" started-at="2019-03-26T17:27:44Z" finished-at="2019-03-26T17:27:44Z">
          <reporter-output>
          </reporter-output>
        </test-method> <!-- div -->
        <test-method status="PASS" signature="mul()[pri:0, instance:XoriantDemo.XoriantDemo.Demo@5afa04c]" name="mul" duration-ms="1" started-at="2019-03-26T17:27:44Z" finished-at="2019-03-26T17:27:44Z">
          <reporter-output>
          </reporter-output>
        </test-method> <!-- mul -->
        <test-method status="PASS" signature="sub()[pri:0, instance:XoriantDemo.XoriantDemo.Demo@5afa04c]" name="sub" duration-ms="1" started-at="2019-03-26T17:27:44Z" finished-at="2019-03-26T17:27:44Z">
          <reporter-output>
          </reporter-output>
        </test-method> <!-- sub -->
      </class> <!-- XoriantDemo.XoriantDemo.Demo -->
    </test> <!-- Default test -->
  </suite> <!-- Default suite -->
</testng-results>
